
[10:09:48.448] [UNITYLOG][Log] : <b>[SteamVR]</b> Successfully added VR manifest to SteamVR

[10:09:48.452] [RestartApp] 

[10:09:48.452] [UNITYLOG][Log] : <b>[SteamVR]</b> Successfully identified process as editor project to SteamVR (application.generated.unity.alcoholictraining.exe)
[10:09:48.760] [UNITYLOG][Log] : <b>[SteamVR]</b> Successfully loaded 4 actions from action manifest into SteamVR (D:/Project/SR_Alcoholic Training/Alcoholic Training/Assets/StreamingAssets\SteamVR\actions.json)
[10:09:48.783] [UNITYLOG][Log] : <b>[SteamVR]</b> Initialized. Connected to oculus : Oculus Quest2 : 1WMHHB442W2152 :: rift
[10:09:48.802] [UNITYLOG][Log] : Camera = UICamera [False]
[10:09:48.803] [UNITYLOG][Log] : UICamera = UICamera [True]
[10:09:48.807] [UNITYLOG][Warning] : DontDestroyOnLoad only works for root GameObjects or components on root GameObjects.
[10:09:48.809] [UNITYLOG][Warning] : DontDestroyOnLoad only works for root GameObjects or components on root GameObjects.
[10:09:48.859] [UNITYLOG][Log] : loadedDeviceName: Oculus Quest2
[10:09:48.866] [UNITYLOG][Log] : <color=yellow> InitHMD</color>
[10:09:48.870] [UNITYLOG][Log] : Camera = DisplayCamera [False]
[10:09:48.871] [UNITYLOG][Log] : UICamera = DisplayCamera [False]
[10:09:48.872] [UNITYLOG][Log] : DisplayCamera = DisplayCamera [True]
[10:09:49.063] [UNITYLOG][Warning] : A Canvas named "Canvas" with a render mode of ScreenSpaceOverlay is being used while VR is also enabled. This Canvas will continue to incur a rendering cost, but will not be visible while in VR. Is this intentional?
[10:09:49.534] [UNITYLOG][Log] : <b>[SteamVR]</b> Loading render model C:\Program Files (x86)\Steam\steamapps\common\SteamVR\resources\rendermodels\oculus_quest2_controller_right\oculus_quest2_controller_right_body.obj
[10:09:49.663] [UNITYLOG][Log] : <b>[SteamVR]</b> Loading render model C:\Program Files (x86)\Steam\steamapps\common\SteamVR\resources\rendermodels\oculus_quest2_controller_right\oculus_quest2_controller_right_button_a.obj
[10:09:49.664] [UNITYLOG][Log] : <b>[SteamVR]</b> Loading render model C:\Program Files (x86)\Steam\steamapps\common\SteamVR\resources\rendermodels\oculus_quest2_controller_right\oculus_quest2_controller_right_button_b.obj
[10:09:49.665] [UNITYLOG][Log] : <b>[SteamVR]</b> Loading render model C:\Program Files (x86)\Steam\steamapps\common\SteamVR\resources\rendermodels\oculus_quest2_controller_right\oculus_quest2_controller_right_button_menu.obj
[10:09:49.666] [UNITYLOG][Log] : <b>[SteamVR]</b> Loading render model C:\Program Files (x86)\Steam\steamapps\common\SteamVR\resources\rendermodels\oculus_quest2_controller_right\oculus_quest2_controller_right_grip.obj
[10:09:49.667] [UNITYLOG][Log] : <b>[SteamVR]</b> Loading render model C:\Program Files (x86)\Steam\steamapps\common\SteamVR\resources\rendermodels\oculus_quest2_controller_right\oculus_quest2_controller_right_thumbstick.obj
[10:09:49.668] [UNITYLOG][Log] : <b>[SteamVR]</b> Loading render model C:\Program Files (x86)\Steam\steamapps\common\SteamVR\resources\rendermodels\oculus_quest2_controller_right\oculus_quest2_controller_right_trigger.obj

[10:09:58.068] [Application Quit]



[10:15:47.121] [RestartApp] 

[10:15:47.121] [UNITYLOG][Log] : <b>[SteamVR]</b> Successfully added VR manifest to SteamVR
[10:15:47.123] [UNITYLOG][Log] : <b>[SteamVR]</b> Successfully identified process as editor project to SteamVR (application.generated.unity.alcoholictraining.exe)
[10:15:47.433] [UNITYLOG][Log] : <b>[SteamVR]</b> Successfully loaded 4 actions from action manifest into SteamVR (D:/Project/SR_Alcoholic Training/Alcoholic Training/Assets/StreamingAssets\SteamVR\actions.json)
[10:15:47.462] [UNITYLOG][Log] : <b>[SteamVR]</b> Initialized. Connected to oculus : Oculus Quest2 : 1WMHHB442W2152 :: rift
[10:15:47.488] [UNITYLOG][Log] : Camera = UICamera [False]
[10:15:47.489] [UNITYLOG][Log] : UICamera = UICamera [True]
[10:15:47.493] [UNITYLOG][Warning] : DontDestroyOnLoad only works for root GameObjects or components on root GameObjects.
[10:15:47.495] [UNITYLOG][Warning] : DontDestroyOnLoad only works for root GameObjects or components on root GameObjects.
[10:15:47.552] [UNITYLOG][Log] : loadedDeviceName: Oculus Quest2
[10:15:47.568] [UNITYLOG][Log] : <color=yellow> InitHMD</color>
[10:15:47.571] [UNITYLOG][Log] : Camera = DisplayCamera [False]
[10:15:47.572] [UNITYLOG][Log] : UICamera = DisplayCamera [False]
[10:15:47.574] [UNITYLOG][Log] : DisplayCamera = DisplayCamera [True]
[10:15:47.621] [UNITYLOG][Log] : <color=yellow> HandleHMDMounted</color>
[10:15:47.766] [UNITYLOG][Warning] : A Canvas named "Canvas" with a render mode of ScreenSpaceOverlay is being used while VR is also enabled. This Canvas will continue to incur a rendering cost, but will not be visible while in VR. Is this intentional?
[10:15:49.687] [UNITYLOG][Log] : <b>[SteamVR]</b> Loading render model C:\Program Files (x86)\Steam\steamapps\common\SteamVR\resources\rendermodels\oculus_quest2_controller_right\oculus_quest2_controller_right_body.obj
[10:15:49.827] [UNITYLOG][Log] : <b>[SteamVR]</b> Loading render model C:\Program Files (x86)\Steam\steamapps\common\SteamVR\resources\rendermodels\oculus_quest2_controller_right\oculus_quest2_controller_right_button_a.obj
[10:15:49.828] [UNITYLOG][Log] : <b>[SteamVR]</b> Loading render model C:\Program Files (x86)\Steam\steamapps\common\SteamVR\resources\rendermodels\oculus_quest2_controller_right\oculus_quest2_controller_right_button_b.obj
[10:15:49.829] [UNITYLOG][Log] : <b>[SteamVR]</b> Loading render model C:\Program Files (x86)\Steam\steamapps\common\SteamVR\resources\rendermodels\oculus_quest2_controller_right\oculus_quest2_controller_right_button_menu.obj
[10:15:49.830] [UNITYLOG][Log] : <b>[SteamVR]</b> Loading render model C:\Program Files (x86)\Steam\steamapps\common\SteamVR\resources\rendermodels\oculus_quest2_controller_right\oculus_quest2_controller_right_grip.obj
[10:15:49.831] [UNITYLOG][Log] : <b>[SteamVR]</b> Loading render model C:\Program Files (x86)\Steam\steamapps\common\SteamVR\resources\rendermodels\oculus_quest2_controller_right\oculus_quest2_controller_right_thumbstick.obj
[10:15:49.838] [UNITYLOG][Log] : <b>[SteamVR]</b> Loading render model C:\Program Files (x86)\Steam\steamapps\common\SteamVR\resources\rendermodels\oculus_quest2_controller_right\oculus_quest2_controller_right_trigger.obj
[10:15:56.250] [UNITYLOG][Warning] : A meta data file (.meta) exists but its asset 'Assets/StreamingAssets/FNI/Log/20211027' can't be found. When moving or deleting files outside of Unity, please ensure that the corresponding .meta file is moved or deleted along with it.

[10:15:56.609] [Application Quit]



[15:15:23.811] [RestartApp] 

[15:15:23.811] [UNITYLOG][Log] : <b>[SteamVR]</b> Successfully added VR manifest to SteamVR
[15:15:23.813] [UNITYLOG][Log] : <b>[SteamVR]</b> Successfully identified process as editor project to SteamVR (application.generated.unity.alcoholictraining.exe)
[15:15:24.276] [UNITYLOG][Log] : <b>[SteamVR]</b> Successfully loaded 4 actions from action manifest into SteamVR (D:/Project/SR_Alcoholic Training/Alcoholic Training/Assets/StreamingAssets\SteamVR\actions.json)
[15:15:24.298] [UNITYLOG][Log] : <b>[SteamVR]</b> Initialized. Connected to oculus : Oculus Quest2 : 1WMHHB442W2152 :: rift
[15:15:24.318] [UNITYLOG][Log] : Camera = UICamera [False]
[15:15:24.319] [UNITYLOG][Log] : UICamera = UICamera [True]
[15:15:24.323] [UNITYLOG][Warning] : DontDestroyOnLoad only works for root GameObjects or components on root GameObjects.
[15:15:24.325] [UNITYLOG][Warning] : DontDestroyOnLoad only works for root GameObjects or components on root GameObjects.
[15:15:24.375] [UNITYLOG][Log] : loadedDeviceName: Oculus Quest2
[15:15:24.382] [UNITYLOG][Log] : Camera = DisplayCamera [False]
[15:15:24.383] [UNITYLOG][Log] : UICamera = DisplayCamera [False]
[15:15:24.385] [UNITYLOG][Log] : DisplayCamera = DisplayCamera [True]
[15:15:24.582] [UNITYLOG][Warning] : A Canvas named "Canvas" with a render mode of ScreenSpaceOverlay is being used while VR is also enabled. This Canvas will continue to incur a rendering cost, but will not be visible while in VR. Is this intentional?
[15:15:25.429] [UNITYLOG][Log] : <b>[SteamVR]</b> Loading render model C:\Program Files (x86)\Steam\steamapps\common\SteamVR\resources\rendermodels\oculus_quest2_controller_left\oculus_quest2_controller_left_body.obj
[15:15:25.554] [UNITYLOG][Log] : <b>[SteamVR]</b> Loading render model C:\Program Files (x86)\Steam\steamapps\common\SteamVR\resources\rendermodels\oculus_quest2_controller_left\oculus_quest2_controller_left_button_menu.obj
[15:15:25.555] [UNITYLOG][Log] : <b>[SteamVR]</b> Loading render model C:\Program Files (x86)\Steam\steamapps\common\SteamVR\resources\rendermodels\oculus_quest2_controller_left\oculus_quest2_controller_left_grip.obj
[15:15:25.556] [UNITYLOG][Log] : <b>[SteamVR]</b> Loading render model C:\Program Files (x86)\Steam\steamapps\common\SteamVR\resources\rendermodels\oculus_quest2_controller_left\oculus_quest2_controller_left_button_x.obj
[15:15:25.558] [UNITYLOG][Log] : <b>[SteamVR]</b> Loading render model C:\Program Files (x86)\Steam\steamapps\common\SteamVR\resources\rendermodels\oculus_quest2_controller_left\oculus_quest2_controller_left_button_y.obj
[15:15:25.559] [UNITYLOG][Log] : <b>[SteamVR]</b> Loading render model C:\Program Files (x86)\Steam\steamapps\common\SteamVR\resources\rendermodels\oculus_quest2_controller_left\oculus_quest2_controller_left_thumbstick.obj
[15:15:25.561] [UNITYLOG][Log] : <b>[SteamVR]</b> Loading render model C:\Program Files (x86)\Steam\steamapps\common\SteamVR\resources\rendermodels\oculus_quest2_controller_left\oculus_quest2_controller_left_trigger.obj
[15:15:25.563] [UNITYLOG][Log] : <b>[SteamVR]</b> Loading render model C:\Program Files (x86)\Steam\steamapps\common\SteamVR\resources\rendermodels\oculus_quest2_controller_right\oculus_quest2_controller_right_body.obj
[15:15:25.668] [UNITYLOG][Log] : <b>[SteamVR]</b> Loading render model C:\Program Files (x86)\Steam\steamapps\common\SteamVR\resources\rendermodels\oculus_quest2_controller_right\oculus_quest2_controller_right_button_a.obj
[15:15:25.669] [UNITYLOG][Log] : <b>[SteamVR]</b> Loading render model C:\Program Files (x86)\Steam\steamapps\common\SteamVR\resources\rendermodels\oculus_quest2_controller_right\oculus_quest2_controller_right_button_b.obj
[15:15:25.670] [UNITYLOG][Log] : <b>[SteamVR]</b> Loading render model C:\Program Files (x86)\Steam\steamapps\common\SteamVR\resources\rendermodels\oculus_quest2_controller_right\oculus_quest2_controller_right_button_menu.obj
[15:15:25.671] [UNITYLOG][Log] : <b>[SteamVR]</b> Loading render model C:\Program Files (x86)\Steam\steamapps\common\SteamVR\resources\rendermodels\oculus_quest2_controller_right\oculus_quest2_controller_right_grip.obj
[15:15:25.672] [UNITYLOG][Log] : <b>[SteamVR]</b> Loading render model C:\Program Files (x86)\Steam\steamapps\common\SteamVR\resources\rendermodels\oculus_quest2_controller_right\oculus_quest2_controller_right_thumbstick.obj
[15:15:25.674] [UNITYLOG][Log] : <b>[SteamVR]</b> Loading render model C:\Program Files (x86)\Steam\steamapps\common\SteamVR\resources\rendermodels\oculus_quest2_controller_right\oculus_quest2_controller_right_trigger.obj

[15:16:18.536] [Application Quit]



[15:16:39.707] [RestartApp] 

[15:16:39.707] [UNITYLOG][Log] : <b>[SteamVR]</b> Successfully added VR manifest to SteamVR
[15:16:39.710] [UNITYLOG][Log] : <b>[SteamVR]</b> Successfully identified process as editor project to SteamVR (application.generated.unity.alcoholictraining.exe)
[15:16:40.074] [UNITYLOG][Log] : <b>[SteamVR]</b> Successfully loaded 4 actions from action manifest into SteamVR (D:/Project/SR_Alcoholic Training/Alcoholic Training/Assets/StreamingAssets\SteamVR\actions.json)
[15:16:40.099] [UNITYLOG][Log] : <b>[SteamVR]</b> Initialized. Connected to oculus : Oculus Quest2 : 1WMHHB442W2152 :: rift
[15:16:40.120] [UNITYLOG][Log] : Camera = UICamera [False]
[15:16:40.122] [UNITYLOG][Log] : UICamera = UICamera [True]
[15:16:40.127] [UNITYLOG][Warning] : DontDestroyOnLoad only works for root GameObjects or components on root GameObjects.
[15:16:40.130] [UNITYLOG][Warning] : DontDestroyOnLoad only works for root GameObjects or components on root GameObjects.
[15:16:40.226] [UNITYLOG][Log] : loadedDeviceName: Oculus Quest2
[15:16:40.234] [UNITYLOG][Log] : Camera = DisplayCamera [False]
[15:16:40.235] [UNITYLOG][Log] : UICamera = DisplayCamera [False]
[15:16:40.236] [UNITYLOG][Log] : DisplayCamera = DisplayCamera [True]
[15:16:40.444] [UNITYLOG][Warning] : A Canvas named "Canvas" with a render mode of ScreenSpaceOverlay is being used while VR is also enabled. This Canvas will continue to incur a rendering cost, but will not be visible while in VR. Is this intentional?
[15:16:41.499] [UNITYLOG][Log] : <b>[SteamVR]</b> Loading render model C:\Program Files (x86)\Steam\steamapps\common\SteamVR\resources\rendermodels\oculus_quest2_controller_left\oculus_quest2_controller_left_body.obj
[15:16:41.640] [UNITYLOG][Log] : <b>[SteamVR]</b> Loading render model C:\Program Files (x86)\Steam\steamapps\common\SteamVR\resources\rendermodels\oculus_quest2_controller_left\oculus_quest2_controller_left_button_menu.obj
[15:16:41.641] [UNITYLOG][Log] : <b>[SteamVR]</b> Loading render model C:\Program Files (x86)\Steam\steamapps\common\SteamVR\resources\rendermodels\oculus_quest2_controller_left\oculus_quest2_controller_left_grip.obj
[15:16:41.642] [UNITYLOG][Log] : <b>[SteamVR]</b> Loading render model C:\Program Files (x86)\Steam\steamapps\common\SteamVR\resources\rendermodels\oculus_quest2_controller_left\oculus_quest2_controller_left_button_x.obj
[15:16:41.643] [UNITYLOG][Log] : <b>[SteamVR]</b> Loading render model C:\Program Files (x86)\Steam\steamapps\common\SteamVR\resources\rendermodels\oculus_quest2_controller_left\oculus_quest2_controller_left_button_y.obj
[15:16:41.644] [UNITYLOG][Log] : <b>[SteamVR]</b> Loading render model C:\Program Files (x86)\Steam\steamapps\common\SteamVR\resources\rendermodels\oculus_quest2_controller_left\oculus_quest2_controller_left_thumbstick.obj
[15:16:41.646] [UNITYLOG][Log] : <b>[SteamVR]</b> Loading render model C:\Program Files (x86)\Steam\steamapps\common\SteamVR\resources\rendermodels\oculus_quest2_controller_left\oculus_quest2_controller_left_trigger.obj
[15:16:41.648] [UNITYLOG][Log] : <b>[SteamVR]</b> Loading render model C:\Program Files (x86)\Steam\steamapps\common\SteamVR\resources\rendermodels\oculus_quest2_controller_right\oculus_quest2_controller_right_body.obj
[15:16:41.755] [UNITYLOG][Log] : <b>[SteamVR]</b> Loading render model C:\Program Files (x86)\Steam\steamapps\common\SteamVR\resources\rendermodels\oculus_quest2_controller_right\oculus_quest2_controller_right_button_a.obj
[15:16:41.756] [UNITYLOG][Log] : <b>[SteamVR]</b> Loading render model C:\Program Files (x86)\Steam\steamapps\common\SteamVR\resources\rendermodels\oculus_quest2_controller_right\oculus_quest2_controller_right_button_b.obj
[15:16:41.758] [UNITYLOG][Log] : <b>[SteamVR]</b> Loading render model C:\Program Files (x86)\Steam\steamapps\common\SteamVR\resources\rendermodels\oculus_quest2_controller_right\oculus_quest2_controller_right_button_menu.obj
[15:16:41.759] [UNITYLOG][Log] : <b>[SteamVR]</b> Loading render model C:\Program Files (x86)\Steam\steamapps\common\SteamVR\resources\rendermodels\oculus_quest2_controller_right\oculus_quest2_controller_right_grip.obj
[15:16:41.761] [UNITYLOG][Log] : <b>[SteamVR]</b> Loading render model C:\Program Files (x86)\Steam\steamapps\common\SteamVR\resources\rendermodels\oculus_quest2_controller_right\oculus_quest2_controller_right_thumbstick.obj
[15:16:41.762] [UNITYLOG][Log] : <b>[SteamVR]</b> Loading render model C:\Program Files (x86)\Steam\steamapps\common\SteamVR\resources\rendermodels\oculus_quest2_controller_right\oculus_quest2_controller_right_trigger.obj

[15:17:47.857] [Application Quit]



[15:18:54.269] [RestartApp] 

[15:18:54.269] [UNITYLOG][Log] : <b>[SteamVR]</b> Successfully added VR manifest to SteamVR
[15:18:54.272] [UNITYLOG][Log] : <b>[SteamVR]</b> Successfully identified process as editor project to SteamVR (application.generated.unity.alcoholictraining.exe)
[15:18:54.786] [UNITYLOG][Log] : <b>[SteamVR]</b> Successfully loaded 4 actions from action manifest into SteamVR (D:/Project/SR_Alcoholic Training/Alcoholic Training/Assets/StreamingAssets\SteamVR\actions.json)
[15:18:54.808] [UNITYLOG][Log] : <b>[SteamVR]</b> Initialized. Connected to oculus : Oculus Quest2 : 1WMHHB442W2152 :: rift
[15:18:54.828] [UNITYLOG][Log] : Camera = UICamera [False]
[15:18:54.829] [UNITYLOG][Log] : UICamera = UICamera [True]
[15:18:54.834] [UNITYLOG][Warning] : DontDestroyOnLoad only works for root GameObjects or components on root GameObjects.
[15:18:54.836] [UNITYLOG][Warning] : DontDestroyOnLoad only works for root GameObjects or components on root GameObjects.
[15:18:54.927] [UNITYLOG][Log] : loadedDeviceName: Oculus Quest2
[15:18:54.935] [UNITYLOG][Log] : Camera = DisplayCamera [False]
[15:18:54.936] [UNITYLOG][Log] : UICamera = DisplayCamera [False]
[15:18:54.937] [UNITYLOG][Log] : DisplayCamera = DisplayCamera [True]
[15:18:55.137] [UNITYLOG][Warning] : A Canvas named "Canvas" with a render mode of ScreenSpaceOverlay is being used while VR is also enabled. This Canvas will continue to incur a rendering cost, but will not be visible while in VR. Is this intentional?
[15:18:56.103] [UNITYLOG][Log] : <b>[SteamVR]</b> Loading render model C:\Program Files (x86)\Steam\steamapps\common\SteamVR\resources\rendermodels\oculus_quest2_controller_left\oculus_quest2_controller_left_body.obj
[15:18:56.251] [UNITYLOG][Log] : <b>[SteamVR]</b> Loading render model C:\Program Files (x86)\Steam\steamapps\common\SteamVR\resources\rendermodels\oculus_quest2_controller_left\oculus_quest2_controller_left_button_menu.obj
[15:18:56.252] [UNITYLOG][Log] : <b>[SteamVR]</b> Loading render model C:\Program Files (x86)\Steam\steamapps\common\SteamVR\resources\rendermodels\oculus_quest2_controller_left\oculus_quest2_controller_left_grip.obj
[15:18:56.253] [UNITYLOG][Log] : <b>[SteamVR]</b> Loading render model C:\Program Files (x86)\Steam\steamapps\common\SteamVR\resources\rendermodels\oculus_quest2_controller_left\oculus_quest2_controller_left_button_x.obj
[15:18:56.255] [UNITYLOG][Log] : <b>[SteamVR]</b> Loading render model C:\Program Files (x86)\Steam\steamapps\common\SteamVR\resources\rendermodels\oculus_quest2_controller_left\oculus_quest2_controller_left_button_y.obj
[15:18:56.256] [UNITYLOG][Log] : <b>[SteamVR]</b> Loading render model C:\Program Files (x86)\Steam\steamapps\common\SteamVR\resources\rendermodels\oculus_quest2_controller_left\oculus_quest2_controller_left_thumbstick.obj
[15:18:56.258] [UNITYLOG][Log] : <b>[SteamVR]</b> Loading render model C:\Program Files (x86)\Steam\steamapps\common\SteamVR\resources\rendermodels\oculus_quest2_controller_left\oculus_quest2_controller_left_trigger.obj
[15:18:56.261] [UNITYLOG][Log] : <b>[SteamVR]</b> Loading render model C:\Program Files (x86)\Steam\steamapps\common\SteamVR\resources\rendermodels\oculus_quest2_controller_right\oculus_quest2_controller_right_body.obj
[15:18:56.365] [UNITYLOG][Log] : <b>[SteamVR]</b> Loading render model C:\Program Files (x86)\Steam\steamapps\common\SteamVR\resources\rendermodels\oculus_quest2_controller_right\oculus_quest2_controller_right_button_a.obj
[15:18:56.368] [UNITYLOG][Log] : <b>[SteamVR]</b> Loading render model C:\Program Files (x86)\Steam\steamapps\common\SteamVR\resources\rendermodels\oculus_quest2_controller_right\oculus_quest2_controller_right_button_b.obj
[15:18:56.370] [UNITYLOG][Log] : <b>[SteamVR]</b> Loading render model C:\Program Files (x86)\Steam\steamapps\common\SteamVR\resources\rendermodels\oculus_quest2_controller_right\oculus_quest2_controller_right_button_menu.obj
[15:18:56.371] [UNITYLOG][Log] : <b>[SteamVR]</b> Loading render model C:\Program Files (x86)\Steam\steamapps\common\SteamVR\resources\rendermodels\oculus_quest2_controller_right\oculus_quest2_controller_right_grip.obj
[15:18:56.373] [UNITYLOG][Log] : <b>[SteamVR]</b> Loading render model C:\Program Files (x86)\Steam\steamapps\common\SteamVR\resources\rendermodels\oculus_quest2_controller_right\oculus_quest2_controller_right_thumbstick.obj
[15:18:56.375] [UNITYLOG][Log] : <b>[SteamVR]</b> Loading render model C:\Program Files (x86)\Steam\steamapps\common\SteamVR\resources\rendermodels\oculus_quest2_controller_right\oculus_quest2_controller_right_trigger.obj

[15:18:58.938] [Application Quit]



[15:19:06.419] [RestartApp] 

[15:19:06.419] [UNITYLOG][Log] : <b>[SteamVR]</b> Successfully added VR manifest to SteamVR
[15:19:06.421] [UNITYLOG][Log] : <b>[SteamVR]</b> Successfully identified process as editor project to SteamVR (application.generated.unity.alcoholictraining.exe)
[15:19:06.883] [UNITYLOG][Log] : <b>[SteamVR]</b> Successfully loaded 4 actions from action manifest into SteamVR (D:/Project/SR_Alcoholic Training/Alcoholic Training/Assets/StreamingAssets\SteamVR\actions.json)
[15:19:06.905] [UNITYLOG][Log] : <b>[SteamVR]</b> Initialized. Connected to oculus : Oculus Quest2 : 1WMHHB442W2152 :: rift
[15:19:06.926] [UNITYLOG][Log] : Camera = UICamera [False]
[15:19:06.927] [UNITYLOG][Log] : UICamera = UICamera [True]
[15:19:06.934] [UNITYLOG][Warning] : DontDestroyOnLoad only works for root GameObjects or components on root GameObjects.
[15:19:06.937] [UNITYLOG][Warning] : DontDestroyOnLoad only works for root GameObjects or components on root GameObjects.
[15:19:06.984] [UNITYLOG][Log] : loadedDeviceName: Oculus Quest2
[15:19:06.992] [UNITYLOG][Log] : Camera = DisplayCamera [False]
[15:19:06.993] [UNITYLOG][Log] : UICamera = DisplayCamera [False]
[15:19:06.994] [UNITYLOG][Log] : DisplayCamera = DisplayCamera [True]
[15:19:07.179] [UNITYLOG][Warning] : A Canvas named "Canvas" with a render mode of ScreenSpaceOverlay is being used while VR is also enabled. This Canvas will continue to incur a rendering cost, but will not be visible while in VR. Is this intentional?
[15:19:08.066] [UNITYLOG][Log] : <b>[SteamVR]</b> Loading render model C:\Program Files (x86)\Steam\steamapps\common\SteamVR\resources\rendermodels\oculus_quest2_controller_left\oculus_quest2_controller_left_body.obj
[15:19:08.197] [UNITYLOG][Log] : <b>[SteamVR]</b> Loading render model C:\Program Files (x86)\Steam\steamapps\common\SteamVR\resources\rendermodels\oculus_quest2_controller_left\oculus_quest2_controller_left_button_menu.obj
[15:19:08.198] [UNITYLOG][Log] : <b>[SteamVR]</b> Loading render model C:\Program Files (x86)\Steam\steamapps\common\SteamVR\resources\rendermodels\oculus_quest2_controller_left\oculus_quest2_controller_left_grip.obj
[15:19:08.199] [UNITYLOG][Log] : <b>[SteamVR]</b> Loading render model C:\Program Files (x86)\Steam\steamapps\common\SteamVR\resources\rendermodels\oculus_quest2_controller_left\oculus_quest2_controller_left_button_x.obj
[15:19:08.200] [UNITYLOG][Log] : <b>[SteamVR]</b> Loading render model C:\Program Files (x86)\Steam\steamapps\common\SteamVR\resources\rendermodels\oculus_quest2_controller_left\oculus_quest2_controller_left_button_y.obj
[15:19:08.201] [UNITYLOG][Log] : <b>[SteamVR]</b> Loading render model C:\Program Files (x86)\Steam\steamapps\common\SteamVR\resources\rendermodels\oculus_quest2_controller_left\oculus_quest2_controller_left_thumbstick.obj
[15:19:08.203] [UNITYLOG][Log] : <b>[SteamVR]</b> Loading render model C:\Program Files (x86)\Steam\steamapps\common\SteamVR\resources\rendermodels\oculus_quest2_controller_left\oculus_quest2_controller_left_trigger.obj
[15:19:08.205] [UNITYLOG][Log] : <b>[SteamVR]</b> Loading render model C:\Program Files (x86)\Steam\steamapps\common\SteamVR\resources\rendermodels\oculus_quest2_controller_right\oculus_quest2_controller_right_body.obj
[15:19:08.282] [UNITYLOG][Log] : <b>[SteamVR]</b> Loading render model C:\Program Files (x86)\Steam\steamapps\common\SteamVR\resources\rendermodels\oculus_quest2_controller_right\oculus_quest2_controller_right_button_a.obj
[15:19:08.284] [UNITYLOG][Log] : <b>[SteamVR]</b> Loading render model C:\Program Files (x86)\Steam\steamapps\common\SteamVR\resources\rendermodels\oculus_quest2_controller_right\oculus_quest2_controller_right_button_b.obj
[15:19:08.285] [UNITYLOG][Log] : <b>[SteamVR]</b> Loading render model C:\Program Files (x86)\Steam\steamapps\common\SteamVR\resources\rendermodels\oculus_quest2_controller_right\oculus_quest2_controller_right_button_menu.obj
[15:19:08.287] [UNITYLOG][Log] : <b>[SteamVR]</b> Loading render model C:\Program Files (x86)\Steam\steamapps\common\SteamVR\resources\rendermodels\oculus_quest2_controller_right\oculus_quest2_controller_right_grip.obj
[15:19:08.288] [UNITYLOG][Log] : <b>[SteamVR]</b> Loading render model C:\Program Files (x86)\Steam\steamapps\common\SteamVR\resources\rendermodels\oculus_quest2_controller_right\oculus_quest2_controller_right_thumbstick.obj
[15:19:08.290] [UNITYLOG][Log] : <b>[SteamVR]</b> Loading render model C:\Program Files (x86)\Steam\steamapps\common\SteamVR\resources\rendermodels\oculus_quest2_controller_right\oculus_quest2_controller_right_trigger.obj

[15:19:22.913] [Application Quit]



[15:20:46.472] [RestartApp] 

[15:20:46.472] [UNITYLOG][Log] : <b>[SteamVR]</b> Successfully added VR manifest to SteamVR
[15:20:46.474] [UNITYLOG][Log] : <b>[SteamVR]</b> Successfully identified process as editor project to SteamVR (application.generated.unity.alcoholictraining.exe)
[15:20:46.937] [UNITYLOG][Log] : <b>[SteamVR]</b> Successfully loaded 4 actions from action manifest into SteamVR (D:/Project/SR_Alcoholic Training/Alcoholic Training/Assets/StreamingAssets\SteamVR\actions.json)
[15:20:46.960] [UNITYLOG][Log] : <b>[SteamVR]</b> Initialized. Connected to oculus : Oculus Quest2 : 1WMHHB442W2152 :: rift
[15:20:46.977] [UNITYLOG][Log] : Camera = UICamera [False]
[15:20:46.978] [UNITYLOG][Log] : UICamera = UICamera [True]
[15:20:46.983] [UNITYLOG][Warning] : DontDestroyOnLoad only works for root GameObjects or components on root GameObjects.
[15:20:46.985] [UNITYLOG][Warning] : DontDestroyOnLoad only works for root GameObjects or components on root GameObjects.
[15:20:47.084] [UNITYLOG][Log] : loadedDeviceName: Oculus Quest2
[15:20:47.090] [UNITYLOG][Log] : Camera = DisplayCamera [False]
[15:20:47.091] [UNITYLOG][Log] : UICamera = DisplayCamera [False]
[15:20:47.092] [UNITYLOG][Log] : DisplayCamera = DisplayCamera [True]
[15:20:47.292] [UNITYLOG][Warning] : A Canvas named "Canvas" with a render mode of ScreenSpaceOverlay is being used while VR is also enabled. This Canvas will continue to incur a rendering cost, but will not be visible while in VR. Is this intentional?
[15:20:48.174] [UNITYLOG][Log] : <b>[SteamVR]</b> Loading render model C:\Program Files (x86)\Steam\steamapps\common\SteamVR\resources\rendermodels\oculus_quest2_controller_left\oculus_quest2_controller_left_body.obj
[15:20:48.317] [UNITYLOG][Log] : <b>[SteamVR]</b> Loading render model C:\Program Files (x86)\Steam\steamapps\common\SteamVR\resources\rendermodels\oculus_quest2_controller_left\oculus_quest2_controller_left_button_menu.obj
[15:20:48.318] [UNITYLOG][Log] : <b>[SteamVR]</b> Loading render model C:\Program Files (x86)\Steam\steamapps\common\SteamVR\resources\rendermodels\oculus_quest2_controller_left\oculus_quest2_controller_left_grip.obj
[15:20:48.319] [UNITYLOG][Log] : <b>[SteamVR]</b> Loading render model C:\Program Files (x86)\Steam\steamapps\common\SteamVR\resources\rendermodels\oculus_quest2_controller_left\oculus_quest2_controller_left_button_x.obj
[15:20:48.320] [UNITYLOG][Log] : <b>[SteamVR]</b> Loading render model C:\Program Files (x86)\Steam\steamapps\common\SteamVR\resources\rendermodels\oculus_quest2_controller_left\oculus_quest2_controller_left_button_y.obj
[15:20:48.321] [UNITYLOG][Log] : <b>[SteamVR]</b> Loading render model C:\Program Files (x86)\Steam\steamapps\common\SteamVR\resources\rendermodels\oculus_quest2_controller_left\oculus_quest2_controller_left_thumbstick.obj
[15:20:48.323] [UNITYLOG][Log] : <b>[SteamVR]</b> Loading render model C:\Program Files (x86)\Steam\steamapps\common\SteamVR\resources\rendermodels\oculus_quest2_controller_left\oculus_quest2_controller_left_trigger.obj
[15:20:48.324] [UNITYLOG][Log] : <b>[SteamVR]</b> Loading render model C:\Program Files (x86)\Steam\steamapps\common\SteamVR\resources\rendermodels\oculus_quest2_controller_right\oculus_quest2_controller_right_body.obj
[15:20:48.431] [UNITYLOG][Log] : <b>[SteamVR]</b> Loading render model C:\Program Files (x86)\Steam\steamapps\common\SteamVR\resources\rendermodels\oculus_quest2_controller_right\oculus_quest2_controller_right_button_a.obj
[15:20:48.433] [UNITYLOG][Log] : <b>[SteamVR]</b> Loading render model C:\Program Files (x86)\Steam\steamapps\common\SteamVR\resources\rendermodels\oculus_quest2_controller_right\oculus_quest2_controller_right_button_b.obj
[15:20:48.434] [UNITYLOG][Log] : <b>[SteamVR]</b> Loading render model C:\Program Files (x86)\Steam\steamapps\common\SteamVR\resources\rendermodels\oculus_quest2_controller_right\oculus_quest2_controller_right_button_menu.obj
[15:20:48.435] [UNITYLOG][Log] : <b>[SteamVR]</b> Loading render model C:\Program Files (x86)\Steam\steamapps\common\SteamVR\resources\rendermodels\oculus_quest2_controller_right\oculus_quest2_controller_right_grip.obj
[15:20:48.435] [UNITYLOG][Log] : <b>[SteamVR]</b> Loading render model C:\Program Files (x86)\Steam\steamapps\common\SteamVR\resources\rendermodels\oculus_quest2_controller_right\oculus_quest2_controller_right_thumbstick.obj
[15:20:48.437] [UNITYLOG][Log] : <b>[SteamVR]</b> Loading render model C:\Program Files (x86)\Steam\steamapps\common\SteamVR\resources\rendermodels\oculus_quest2_controller_right\oculus_quest2_controller_right_trigger.obj
[15:20:49.652] [UNITYLOG][Log] : Left
[15:20:52.203] [UNITYLOG][Log] : Right
[15:20:52.941] [UNITYLOG][Log] : Left
[15:20:53.317] [UNITYLOG][Log] : Right
[15:20:53.596] [UNITYLOG][Log] : Left

[15:20:57.094] [Application Quit]



[15:21:13.940] [RestartApp] 

[15:21:13.940] [UNITYLOG][Log] : <b>[SteamVR]</b> Successfully added VR manifest to SteamVR
[15:21:13.943] [UNITYLOG][Log] : <b>[SteamVR]</b> Successfully identified process as editor project to SteamVR (application.generated.unity.alcoholictraining.exe)
[15:21:14.306] [UNITYLOG][Log] : <b>[SteamVR]</b> Successfully loaded 4 actions from action manifest into SteamVR (D:/Project/SR_Alcoholic Training/Alcoholic Training/Assets/StreamingAssets\SteamVR\actions.json)
[15:21:14.328] [UNITYLOG][Log] : <b>[SteamVR]</b> Initialized. Connected to oculus : Oculus Quest2 : 1WMHHB442W2152 :: rift
[15:21:14.346] [UNITYLOG][Log] : Camera = UICamera [False]
[15:21:14.347] [UNITYLOG][Log] : UICamera = UICamera [True]
[15:21:14.352] [UNITYLOG][Warning] : DontDestroyOnLoad only works for root GameObjects or components on root GameObjects.
[15:21:14.355] [UNITYLOG][Warning] : DontDestroyOnLoad only works for root GameObjects or components on root GameObjects.
[15:21:14.429] [UNITYLOG][Log] : loadedDeviceName: Oculus Quest2
[15:21:14.440] [UNITYLOG][Log] : Camera = DisplayCamera [False]
[15:21:14.442] [UNITYLOG][Log] : UICamera = DisplayCamera [False]
[15:21:14.444] [UNITYLOG][Log] : DisplayCamera = DisplayCamera [True]
[15:21:14.647] [UNITYLOG][Warning] : A Canvas named "Canvas" with a render mode of ScreenSpaceOverlay is being used while VR is also enabled. This Canvas will continue to incur a rendering cost, but will not be visible while in VR. Is this intentional?
[15:21:15.605] [UNITYLOG][Log] : <b>[SteamVR]</b> Loading render model C:\Program Files (x86)\Steam\steamapps\common\SteamVR\resources\rendermodels\oculus_quest2_controller_left\oculus_quest2_controller_left_body.obj
[15:21:15.744] [UNITYLOG][Log] : <b>[SteamVR]</b> Loading render model C:\Program Files (x86)\Steam\steamapps\common\SteamVR\resources\rendermodels\oculus_quest2_controller_left\oculus_quest2_controller_left_button_menu.obj
[15:21:15.745] [UNITYLOG][Log] : <b>[SteamVR]</b> Loading render model C:\Program Files (x86)\Steam\steamapps\common\SteamVR\resources\rendermodels\oculus_quest2_controller_left\oculus_quest2_controller_left_grip.obj
[15:21:15.747] [UNITYLOG][Log] : <b>[SteamVR]</b> Loading render model C:\Program Files (x86)\Steam\steamapps\common\SteamVR\resources\rendermodels\oculus_quest2_controller_left\oculus_quest2_controller_left_button_x.obj
[15:21:15.748] [UNITYLOG][Log] : <b>[SteamVR]</b> Loading render model C:\Program Files (x86)\Steam\steamapps\common\SteamVR\resources\rendermodels\oculus_quest2_controller_left\oculus_quest2_controller_left_button_y.obj
[15:21:15.749] [UNITYLOG][Log] : <b>[SteamVR]</b> Loading render model C:\Program Files (x86)\Steam\steamapps\common\SteamVR\resources\rendermodels\oculus_quest2_controller_left\oculus_quest2_controller_left_thumbstick.obj
[15:21:15.751] [UNITYLOG][Log] : <b>[SteamVR]</b> Loading render model C:\Program Files (x86)\Steam\steamapps\common\SteamVR\resources\rendermodels\oculus_quest2_controller_left\oculus_quest2_controller_left_trigger.obj
[15:21:15.753] [UNITYLOG][Log] : <b>[SteamVR]</b> Loading render model C:\Program Files (x86)\Steam\steamapps\common\SteamVR\resources\rendermodels\oculus_quest2_controller_right\oculus_quest2_controller_right_body.obj
[15:21:15.863] [UNITYLOG][Log] : <b>[SteamVR]</b> Loading render model C:\Program Files (x86)\Steam\steamapps\common\SteamVR\resources\rendermodels\oculus_quest2_controller_right\oculus_quest2_controller_right_button_a.obj
[15:21:15.864] [UNITYLOG][Log] : <b>[SteamVR]</b> Loading render model C:\Program Files (x86)\Steam\steamapps\common\SteamVR\resources\rendermodels\oculus_quest2_controller_right\oculus_quest2_controller_right_button_b.obj
[15:21:15.866] [UNITYLOG][Log] : <b>[SteamVR]</b> Loading render model C:\Program Files (x86)\Steam\steamapps\common\SteamVR\resources\rendermodels\oculus_quest2_controller_right\oculus_quest2_controller_right_button_menu.obj
[15:21:15.867] [UNITYLOG][Log] : <b>[SteamVR]</b> Loading render model C:\Program Files (x86)\Steam\steamapps\common\SteamVR\resources\rendermodels\oculus_quest2_controller_right\oculus_quest2_controller_right_grip.obj
[15:21:15.868] [UNITYLOG][Log] : <b>[SteamVR]</b> Loading render model C:\Program Files (x86)\Steam\steamapps\common\SteamVR\resources\rendermodels\oculus_quest2_controller_right\oculus_quest2_controller_right_thumbstick.obj
[15:21:15.870] [UNITYLOG][Log] : <b>[SteamVR]</b> Loading render model C:\Program Files (x86)\Steam\steamapps\common\SteamVR\resources\rendermodels\oculus_quest2_controller_right\oculus_quest2_controller_right_trigger.obj
[15:21:17.635] [UNITYLOG][Log] : Left

[15:21:35.044] [Application Quit]

