
[09:46:20.563] [UNITYLOG][Log] : <b>[SteamVR]</b> Successfully added VR manifest to SteamVR

[09:46:20.585] [RestartApp] 

[09:46:20.585] [UNITYLOG][Log] : <b>[SteamVR]</b> Successfully identified process as editor project to SteamVR (application.generated.unity.varabom_rm_outdoor.exe)
[09:46:20.953] [UNITYLOG][Log] : <b>[SteamVR]</b> Successfully loaded 4 actions from action manifest into SteamVR (D:/Project/SR_Alcoholic Training/Alcoholic Training/Assets/StreamingAssets\SteamVR\actions.json)
[09:46:20.978] [UNITYLOG][Log] : <b>[SteamVR]</b> Initialized. Connected to oculus : Oculus Quest2 : 1WMHHB442W2152 :: rift
[09:46:21.000] [UNITYLOG][Log] : Camera = UICamera [False]
[09:46:21.001] [UNITYLOG][Log] : UICamera = UICamera [True]
[09:46:21.006] [UNITYLOG][Warning] : DontDestroyOnLoad only works for root GameObjects or components on root GameObjects.
[09:46:21.007] [UNITYLOG][Warning] : DontDestroyOnLoad only works for root GameObjects or components on root GameObjects.
[09:46:21.062] [UNITYLOG][Log] : loadedDeviceName: Oculus Quest2
[09:46:21.071] [UNITYLOG][Log] : Camera = DisplayCamera [False]
[09:46:21.072] [UNITYLOG][Log] : UICamera = DisplayCamera [False]
[09:46:21.073] [UNITYLOG][Log] : DisplayCamera = DisplayCamera [True]
[09:46:21.267] [UNITYLOG][Warning] : A Canvas named "Canvas" with a render mode of ScreenSpaceOverlay is being used while VR is also enabled. This Canvas will continue to incur a rendering cost, but will not be visible while in VR. Is this intentional?
[09:46:22.110] [UNITYLOG][Log] : <b>[SteamVR]</b> Loading render model C:\Program Files (x86)\Steam\steamapps\common\SteamVR\resources\rendermodels\oculus_quest2_controller_left\oculus_quest2_controller_left_body.obj
[09:46:22.250] [UNITYLOG][Log] : <b>[SteamVR]</b> Loading render model C:\Program Files (x86)\Steam\steamapps\common\SteamVR\resources\rendermodels\oculus_quest2_controller_left\oculus_quest2_controller_left_button_menu.obj
[09:46:22.251] [UNITYLOG][Log] : <b>[SteamVR]</b> Loading render model C:\Program Files (x86)\Steam\steamapps\common\SteamVR\resources\rendermodels\oculus_quest2_controller_left\oculus_quest2_controller_left_grip.obj
[09:46:22.252] [UNITYLOG][Log] : <b>[SteamVR]</b> Loading render model C:\Program Files (x86)\Steam\steamapps\common\SteamVR\resources\rendermodels\oculus_quest2_controller_left\oculus_quest2_controller_left_button_x.obj
[09:46:22.253] [UNITYLOG][Log] : <b>[SteamVR]</b> Loading render model C:\Program Files (x86)\Steam\steamapps\common\SteamVR\resources\rendermodels\oculus_quest2_controller_left\oculus_quest2_controller_left_button_y.obj
[09:46:22.254] [UNITYLOG][Log] : <b>[SteamVR]</b> Loading render model C:\Program Files (x86)\Steam\steamapps\common\SteamVR\resources\rendermodels\oculus_quest2_controller_left\oculus_quest2_controller_left_thumbstick.obj
[09:46:22.256] [UNITYLOG][Log] : <b>[SteamVR]</b> Loading render model C:\Program Files (x86)\Steam\steamapps\common\SteamVR\resources\rendermodels\oculus_quest2_controller_left\oculus_quest2_controller_left_trigger.obj
[09:46:22.258] [UNITYLOG][Log] : <b>[SteamVR]</b> Loading render model C:\Program Files (x86)\Steam\steamapps\common\SteamVR\resources\rendermodels\oculus_quest2_controller_right\oculus_quest2_controller_right_body.obj
[09:46:22.358] [UNITYLOG][Log] : <b>[SteamVR]</b> Loading render model C:\Program Files (x86)\Steam\steamapps\common\SteamVR\resources\rendermodels\oculus_quest2_controller_right\oculus_quest2_controller_right_button_a.obj
[09:46:22.360] [UNITYLOG][Log] : <b>[SteamVR]</b> Loading render model C:\Program Files (x86)\Steam\steamapps\common\SteamVR\resources\rendermodels\oculus_quest2_controller_right\oculus_quest2_controller_right_button_b.obj
[09:46:22.362] [UNITYLOG][Log] : <b>[SteamVR]</b> Loading render model C:\Program Files (x86)\Steam\steamapps\common\SteamVR\resources\rendermodels\oculus_quest2_controller_right\oculus_quest2_controller_right_button_menu.obj
[09:46:22.363] [UNITYLOG][Log] : <b>[SteamVR]</b> Loading render model C:\Program Files (x86)\Steam\steamapps\common\SteamVR\resources\rendermodels\oculus_quest2_controller_right\oculus_quest2_controller_right_grip.obj
[09:46:22.364] [UNITYLOG][Log] : <b>[SteamVR]</b> Loading render model C:\Program Files (x86)\Steam\steamapps\common\SteamVR\resources\rendermodels\oculus_quest2_controller_right\oculus_quest2_controller_right_thumbstick.obj
[09:46:22.365] [UNITYLOG][Log] : <b>[SteamVR]</b> Loading render model C:\Program Files (x86)\Steam\steamapps\common\SteamVR\resources\rendermodels\oculus_quest2_controller_right\oculus_quest2_controller_right_trigger.obj

[09:47:23.919] [Application Quit]



[10:37:24.314] [RestartApp] 

[10:37:24.314] [UNITYLOG][Log] : <b>[SteamVR]</b> Successfully added VR manifest to SteamVR
[10:37:24.317] [UNITYLOG][Log] : <b>[SteamVR]</b> Successfully identified process as editor project to SteamVR (application.generated.unity.varabom_rm_outdoor.exe)
[10:37:24.830] [UNITYLOG][Log] : <b>[SteamVR]</b> Successfully loaded 4 actions from action manifest into SteamVR (D:/Project/SR_Alcoholic Training/Alcoholic Training/Assets/StreamingAssets\SteamVR\actions.json)
[10:37:24.852] [UNITYLOG][Log] : <b>[SteamVR]</b> Initialized. Connected to oculus : Oculus Quest2 : 1WMHHB442W2152 :: rift
[10:37:24.870] [UNITYLOG][Log] : Camera = UICamera [False]
[10:37:24.871] [UNITYLOG][Log] : UICamera = UICamera [True]
[10:37:24.876] [UNITYLOG][Warning] : DontDestroyOnLoad only works for root GameObjects or components on root GameObjects.
[10:37:24.879] [UNITYLOG][Warning] : DontDestroyOnLoad only works for root GameObjects or components on root GameObjects.
[10:37:24.926] [UNITYLOG][Log] : loadedDeviceName: Oculus Quest2
[10:37:24.935] [UNITYLOG][Log] : Camera = DisplayCamera [False]
[10:37:24.936] [UNITYLOG][Log] : UICamera = DisplayCamera [False]
[10:37:24.936] [UNITYLOG][Log] : DisplayCamera = DisplayCamera [True]
[10:37:25.135] [UNITYLOG][Warning] : A Canvas named "Canvas" with a render mode of ScreenSpaceOverlay is being used while VR is also enabled. This Canvas will continue to incur a rendering cost, but will not be visible while in VR. Is this intentional?
[10:37:25.560] [UNITYLOG][Log] : <b>[SteamVR]</b> Loading render model C:\Program Files (x86)\Steam\steamapps\common\SteamVR\resources\rendermodels\oculus_quest2_controller_left\oculus_quest2_controller_left_body.obj
[10:37:25.704] [UNITYLOG][Log] : <b>[SteamVR]</b> Loading render model C:\Program Files (x86)\Steam\steamapps\common\SteamVR\resources\rendermodels\oculus_quest2_controller_left\oculus_quest2_controller_left_button_menu.obj
[10:37:25.705] [UNITYLOG][Log] : <b>[SteamVR]</b> Loading render model C:\Program Files (x86)\Steam\steamapps\common\SteamVR\resources\rendermodels\oculus_quest2_controller_left\oculus_quest2_controller_left_grip.obj
[10:37:25.707] [UNITYLOG][Log] : <b>[SteamVR]</b> Loading render model C:\Program Files (x86)\Steam\steamapps\common\SteamVR\resources\rendermodels\oculus_quest2_controller_left\oculus_quest2_controller_left_button_x.obj
[10:37:25.708] [UNITYLOG][Log] : <b>[SteamVR]</b> Loading render model C:\Program Files (x86)\Steam\steamapps\common\SteamVR\resources\rendermodels\oculus_quest2_controller_left\oculus_quest2_controller_left_button_y.obj
[10:37:25.709] [UNITYLOG][Log] : <b>[SteamVR]</b> Loading render model C:\Program Files (x86)\Steam\steamapps\common\SteamVR\resources\rendermodels\oculus_quest2_controller_left\oculus_quest2_controller_left_thumbstick.obj
[10:37:25.711] [UNITYLOG][Log] : <b>[SteamVR]</b> Loading render model C:\Program Files (x86)\Steam\steamapps\common\SteamVR\resources\rendermodels\oculus_quest2_controller_left\oculus_quest2_controller_left_trigger.obj
[10:37:25.713] [UNITYLOG][Log] : <b>[SteamVR]</b> Loading render model C:\Program Files (x86)\Steam\steamapps\common\SteamVR\resources\rendermodels\oculus_quest2_controller_right\oculus_quest2_controller_right_body.obj
[10:37:25.821] [UNITYLOG][Log] : <b>[SteamVR]</b> Loading render model C:\Program Files (x86)\Steam\steamapps\common\SteamVR\resources\rendermodels\oculus_quest2_controller_right\oculus_quest2_controller_right_button_a.obj
[10:37:25.823] [UNITYLOG][Log] : <b>[SteamVR]</b> Loading render model C:\Program Files (x86)\Steam\steamapps\common\SteamVR\resources\rendermodels\oculus_quest2_controller_right\oculus_quest2_controller_right_button_b.obj
[10:37:25.824] [UNITYLOG][Log] : <b>[SteamVR]</b> Loading render model C:\Program Files (x86)\Steam\steamapps\common\SteamVR\resources\rendermodels\oculus_quest2_controller_right\oculus_quest2_controller_right_button_menu.obj
[10:37:25.825] [UNITYLOG][Log] : <b>[SteamVR]</b> Loading render model C:\Program Files (x86)\Steam\steamapps\common\SteamVR\resources\rendermodels\oculus_quest2_controller_right\oculus_quest2_controller_right_grip.obj
[10:37:25.828] [UNITYLOG][Log] : <b>[SteamVR]</b> Loading render model C:\Program Files (x86)\Steam\steamapps\common\SteamVR\resources\rendermodels\oculus_quest2_controller_right\oculus_quest2_controller_right_thumbstick.obj
[10:37:25.830] [UNITYLOG][Log] : <b>[SteamVR]</b> Loading render model C:\Program Files (x86)\Steam\steamapps\common\SteamVR\resources\rendermodels\oculus_quest2_controller_right\oculus_quest2_controller_right_trigger.obj
[10:38:24.024] [UNITYLOG][Warning] : A meta data file (.meta) exists but its asset 'Assets/StreamingAssets/FNI/Log/20211021' can't be found. When moving or deleting files outside of Unity, please ensure that the corresponding .meta file is moved or deleted along with it.

[10:38:24.435] [Application Quit]



[10:39:49.741] [RestartApp] 

[10:39:49.741] [UNITYLOG][Log] : <b>[SteamVR]</b> Successfully added VR manifest to SteamVR
[10:39:49.744] [UNITYLOG][Log] : <b>[SteamVR]</b> Successfully identified process as editor project to SteamVR (application.generated.unity.varabom_rm_outdoor.exe)
[10:39:50.206] [UNITYLOG][Log] : <b>[SteamVR]</b> Successfully loaded 4 actions from action manifest into SteamVR (D:/Project/SR_Alcoholic Training/Alcoholic Training/Assets/StreamingAssets\SteamVR\actions.json)
[10:39:50.229] [UNITYLOG][Log] : <b>[SteamVR]</b> Initialized. Connected to oculus : Oculus Quest2 : 1WMHHB442W2152 :: rift
[10:39:50.250] [UNITYLOG][Log] : Camera = UICamera [False]
[10:39:50.251] [UNITYLOG][Log] : UICamera = UICamera [True]
[10:39:50.255] [UNITYLOG][Warning] : DontDestroyOnLoad only works for root GameObjects or components on root GameObjects.
[10:39:50.258] [UNITYLOG][Warning] : DontDestroyOnLoad only works for root GameObjects or components on root GameObjects.
[10:39:50.311] [UNITYLOG][Log] : loadedDeviceName: Oculus Quest2
[10:39:50.319] [UNITYLOG][Log] : Camera = DisplayCamera [False]
[10:39:50.320] [UNITYLOG][Log] : UICamera = DisplayCamera [False]
[10:39:50.320] [UNITYLOG][Log] : DisplayCamera = DisplayCamera [True]
[10:39:50.501] [UNITYLOG][Warning] : A Canvas named "Canvas" with a render mode of ScreenSpaceOverlay is being used while VR is also enabled. This Canvas will continue to incur a rendering cost, but will not be visible while in VR. Is this intentional?
[10:39:50.929] [UNITYLOG][Log] : <b>[SteamVR]</b> Loading render model C:\Program Files (x86)\Steam\steamapps\common\SteamVR\resources\rendermodels\oculus_quest2_controller_left\oculus_quest2_controller_left_body.obj
[10:39:51.069] [UNITYLOG][Log] : <b>[SteamVR]</b> Loading render model C:\Program Files (x86)\Steam\steamapps\common\SteamVR\resources\rendermodels\oculus_quest2_controller_left\oculus_quest2_controller_left_button_menu.obj
[10:39:51.071] [UNITYLOG][Log] : <b>[SteamVR]</b> Loading render model C:\Program Files (x86)\Steam\steamapps\common\SteamVR\resources\rendermodels\oculus_quest2_controller_left\oculus_quest2_controller_left_grip.obj
[10:39:51.072] [UNITYLOG][Log] : <b>[SteamVR]</b> Loading render model C:\Program Files (x86)\Steam\steamapps\common\SteamVR\resources\rendermodels\oculus_quest2_controller_left\oculus_quest2_controller_left_button_x.obj
[10:39:51.073] [UNITYLOG][Log] : <b>[SteamVR]</b> Loading render model C:\Program Files (x86)\Steam\steamapps\common\SteamVR\resources\rendermodels\oculus_quest2_controller_left\oculus_quest2_controller_left_button_y.obj
[10:39:51.075] [UNITYLOG][Log] : <b>[SteamVR]</b> Loading render model C:\Program Files (x86)\Steam\steamapps\common\SteamVR\resources\rendermodels\oculus_quest2_controller_left\oculus_quest2_controller_left_thumbstick.obj
[10:39:51.076] [UNITYLOG][Log] : <b>[SteamVR]</b> Loading render model C:\Program Files (x86)\Steam\steamapps\common\SteamVR\resources\rendermodels\oculus_quest2_controller_left\oculus_quest2_controller_left_trigger.obj
[10:39:51.079] [UNITYLOG][Log] : <b>[SteamVR]</b> Loading render model C:\Program Files (x86)\Steam\steamapps\common\SteamVR\resources\rendermodels\oculus_quest2_controller_right\oculus_quest2_controller_right_body.obj
[10:39:51.177] [UNITYLOG][Log] : <b>[SteamVR]</b> Loading render model C:\Program Files (x86)\Steam\steamapps\common\SteamVR\resources\rendermodels\oculus_quest2_controller_right\oculus_quest2_controller_right_button_a.obj
[10:39:51.179] [UNITYLOG][Log] : <b>[SteamVR]</b> Loading render model C:\Program Files (x86)\Steam\steamapps\common\SteamVR\resources\rendermodels\oculus_quest2_controller_right\oculus_quest2_controller_right_button_b.obj
[10:39:51.179] [UNITYLOG][Log] : <b>[SteamVR]</b> Loading render model C:\Program Files (x86)\Steam\steamapps\common\SteamVR\resources\rendermodels\oculus_quest2_controller_right\oculus_quest2_controller_right_button_menu.obj
[10:39:51.180] [UNITYLOG][Log] : <b>[SteamVR]</b> Loading render model C:\Program Files (x86)\Steam\steamapps\common\SteamVR\resources\rendermodels\oculus_quest2_controller_right\oculus_quest2_controller_right_grip.obj
[10:39:51.182] [UNITYLOG][Log] : <b>[SteamVR]</b> Loading render model C:\Program Files (x86)\Steam\steamapps\common\SteamVR\resources\rendermodels\oculus_quest2_controller_right\oculus_quest2_controller_right_thumbstick.obj
[10:39:51.183] [UNITYLOG][Log] : <b>[SteamVR]</b> Loading render model C:\Program Files (x86)\Steam\steamapps\common\SteamVR\resources\rendermodels\oculus_quest2_controller_right\oculus_quest2_controller_right_trigger.obj

[10:40:14.201] [Application Quit]



[10:40:47.499] [RestartApp] 

[10:40:47.499] [UNITYLOG][Log] : <b>[SteamVR]</b> Successfully added VR manifest to SteamVR
[10:40:47.501] [UNITYLOG][Log] : <b>[SteamVR]</b> Successfully identified process as editor project to SteamVR (application.generated.unity.varabom_rm_outdoor.exe)
[10:40:47.963] [UNITYLOG][Log] : <b>[SteamVR]</b> Successfully loaded 4 actions from action manifest into SteamVR (D:/Project/SR_Alcoholic Training/Alcoholic Training/Assets/StreamingAssets\SteamVR\actions.json)
[10:40:47.986] [UNITYLOG][Log] : <b>[SteamVR]</b> Initialized. Connected to oculus : Oculus Quest2 : 1WMHHB442W2152 :: rift
[10:40:48.004] [UNITYLOG][Log] : Camera = UICamera [False]
[10:40:48.005] [UNITYLOG][Log] : UICamera = UICamera [True]
[10:40:48.009] [UNITYLOG][Warning] : DontDestroyOnLoad only works for root GameObjects or components on root GameObjects.
[10:40:48.011] [UNITYLOG][Warning] : DontDestroyOnLoad only works for root GameObjects or components on root GameObjects.
[10:40:48.050] [UNITYLOG][Log] : loadedDeviceName: Oculus Quest2
[10:40:48.058] [UNITYLOG][Log] : Camera = DisplayCamera [False]
[10:40:48.059] [UNITYLOG][Log] : UICamera = DisplayCamera [False]
[10:40:48.060] [UNITYLOG][Log] : DisplayCamera = DisplayCamera [True]
[10:40:48.267] [UNITYLOG][Warning] : A Canvas named "Canvas" with a render mode of ScreenSpaceOverlay is being used while VR is also enabled. This Canvas will continue to incur a rendering cost, but will not be visible while in VR. Is this intentional?
[10:40:49.149] [UNITYLOG][Log] : <b>[SteamVR]</b> Loading render model C:\Program Files (x86)\Steam\steamapps\common\SteamVR\resources\rendermodels\oculus_quest2_controller_left\oculus_quest2_controller_left_body.obj
[10:40:49.295] [UNITYLOG][Log] : <b>[SteamVR]</b> Loading render model C:\Program Files (x86)\Steam\steamapps\common\SteamVR\resources\rendermodels\oculus_quest2_controller_left\oculus_quest2_controller_left_button_menu.obj
[10:40:49.297] [UNITYLOG][Log] : <b>[SteamVR]</b> Loading render model C:\Program Files (x86)\Steam\steamapps\common\SteamVR\resources\rendermodels\oculus_quest2_controller_left\oculus_quest2_controller_left_grip.obj
[10:40:49.297] [UNITYLOG][Log] : <b>[SteamVR]</b> Loading render model C:\Program Files (x86)\Steam\steamapps\common\SteamVR\resources\rendermodels\oculus_quest2_controller_left\oculus_quest2_controller_left_button_x.obj
[10:40:49.299] [UNITYLOG][Log] : <b>[SteamVR]</b> Loading render model C:\Program Files (x86)\Steam\steamapps\common\SteamVR\resources\rendermodels\oculus_quest2_controller_left\oculus_quest2_controller_left_button_y.obj
[10:40:49.300] [UNITYLOG][Log] : <b>[SteamVR]</b> Loading render model C:\Program Files (x86)\Steam\steamapps\common\SteamVR\resources\rendermodels\oculus_quest2_controller_left\oculus_quest2_controller_left_thumbstick.obj
[10:40:49.302] [UNITYLOG][Log] : <b>[SteamVR]</b> Loading render model C:\Program Files (x86)\Steam\steamapps\common\SteamVR\resources\rendermodels\oculus_quest2_controller_left\oculus_quest2_controller_left_trigger.obj
[10:40:49.304] [UNITYLOG][Log] : <b>[SteamVR]</b> Loading render model C:\Program Files (x86)\Steam\steamapps\common\SteamVR\resources\rendermodels\oculus_quest2_controller_right\oculus_quest2_controller_right_body.obj
[10:40:49.404] [UNITYLOG][Log] : <b>[SteamVR]</b> Loading render model C:\Program Files (x86)\Steam\steamapps\common\SteamVR\resources\rendermodels\oculus_quest2_controller_right\oculus_quest2_controller_right_button_a.obj
[10:40:49.405] [UNITYLOG][Log] : <b>[SteamVR]</b> Loading render model C:\Program Files (x86)\Steam\steamapps\common\SteamVR\resources\rendermodels\oculus_quest2_controller_right\oculus_quest2_controller_right_button_b.obj
[10:40:49.406] [UNITYLOG][Log] : <b>[SteamVR]</b> Loading render model C:\Program Files (x86)\Steam\steamapps\common\SteamVR\resources\rendermodels\oculus_quest2_controller_right\oculus_quest2_controller_right_button_menu.obj
[10:40:49.407] [UNITYLOG][Log] : <b>[SteamVR]</b> Loading render model C:\Program Files (x86)\Steam\steamapps\common\SteamVR\resources\rendermodels\oculus_quest2_controller_right\oculus_quest2_controller_right_grip.obj
[10:40:49.408] [UNITYLOG][Log] : <b>[SteamVR]</b> Loading render model C:\Program Files (x86)\Steam\steamapps\common\SteamVR\resources\rendermodels\oculus_quest2_controller_right\oculus_quest2_controller_right_thumbstick.obj
[10:40:49.410] [UNITYLOG][Log] : <b>[SteamVR]</b> Loading render model C:\Program Files (x86)\Steam\steamapps\common\SteamVR\resources\rendermodels\oculus_quest2_controller_right\oculus_quest2_controller_right_trigger.obj

[10:41:36.044] [Application Quit]

